<?xml version="1.0" encoding="UTF-8"?>
<!-- Generated by org.testng.reporters.JUnitReportReporter -->
<testsuite hostname="CP0593" name="com.eleks.autotestframework.tests.SecondTest" tests="1" failures="0" timestamp="6 Feb 2014 17:55:09 GMT" time="30.099" errors="0">
  <testcase name="verifyFailedBlockedUserCreationErrorMessage" time="30.099" classname="com.eleks.autotestframework.tests.SecondTest"/>
</testsuite> <!-- com.eleks.autotestframework.tests.SecondTest -->
