<?xml version="1.0" encoding="UTF-8"?>
<!-- Generated by org.testng.reporters.JUnitReportReporter -->
<testsuite hostname="CP0593" name="com.eleks.autotestframework.tests.FirstTest" tests="3" failures="0" timestamp="26 Dec 2013 14:37:46 GMT" time="38.062" errors="0">
  <testcase name="verifyFailedUserCreationErrorMessage" time="11.832" classname="com.eleks.autotestframework.tests.FirstTest"/>
  <testcase name="verifyFailedUserCreationErrorMessage" time="11.688" classname="com.eleks.autotestframework.tests.FirstTest"/>
  <testcase name="verifyFailedUserCreationErrorMessage" time="14.542" classname="com.eleks.autotestframework.tests.FirstTest"/>
</testsuite> <!-- com.eleks.autotestframework.tests.FirstTest -->
