<?xml version="1.0" encoding="UTF-8"?>
<!-- Generated by org.testng.reporters.JUnitReportReporter -->
<testsuite hostname="CP0593" name="com.eleks.autotestframework.tests.FirstTest" tests="4" failures="0" timestamp="6 Feb 2014 17:55:09 GMT" time="56.086" errors="0">
  <testcase name="verifyFailedUserCreationErrorMessage" time="15.575" classname="com.eleks.autotestframework.tests.FirstTest"/>
  <testcase name="verifyFailedUserCreationErrorMessage" time="12.730" classname="com.eleks.autotestframework.tests.FirstTest"/>
  <testcase name="verifyFailedUserCreationErrorMessage" time="14.022" classname="com.eleks.autotestframework.tests.FirstTest"/>
  <testcase name="verifyFailedUserCreationErrorMessage" time="13.759" classname="com.eleks.autotestframework.tests.FirstTest"/>
</testsuite> <!-- com.eleks.autotestframework.tests.FirstTest -->
