<?xml version="1.0" encoding="UTF-8"?>
<!-- Generated by org.testng.reporters.JUnitReportReporter -->
<testsuite hostname="CP0593" name="com.eleks.autotestframework.tests.FirstTest" tests="4" failures="0" timestamp="26 Dec 2013 16:06:56 GMT" time="47.636" errors="0">
  <testcase name="verifyFailedUserCreationErrorMessage" time="11.010" classname="com.eleks.autotestframework.tests.FirstTest"/>
  <testcase name="verifyFailedUserCreationErrorMessage" time="12.356" classname="com.eleks.autotestframework.tests.FirstTest"/>
  <testcase name="verifyFailedUserCreationErrorMessage" time="11.497" classname="com.eleks.autotestframework.tests.FirstTest"/>
  <testcase name="verifyFailedUserCreationErrorMessage" time="12.773" classname="com.eleks.autotestframework.tests.FirstTest"/>
</testsuite> <!-- com.eleks.autotestframework.tests.FirstTest -->
